<?xml version="1.0" encoding="UTF-8"?>
<!-- Generated by org.testng.reporters.JUnitReportReporter -->
<testsuite hostname="dharani-pc" failures="0" tests="1" name="Restassuredtesting.Restassuredtesting.T2_post" time="4.025" errors="0" timestamp="2021-03-19T16:03:14 IST" skipped="0">
  <testcase classname="Restassuredtesting.Restassuredtesting.T2_post" name="getPostreq" time="4.025"/>
  <system-out/>
</testsuite> <!-- Restassuredtesting.Restassuredtesting.T2_post -->
