<?xml version="1.0" encoding="UTF-8"?>
<!-- Generated by org.testng.reporters.JUnitReportReporter -->
<testsuite hostname="dharani-pc" failures="0" tests="1" name="Restassuredtesting.Restassuredtesting.T3test" time="2.471" errors="0" timestamp="2021-03-19T15:21:27 IST" skipped="0">
  <testcase classname="Restassuredtesting.Restassuredtesting.T3test" name="gethearder" time="2.471"/>
  <system-out/>
</testsuite> <!-- Restassuredtesting.Restassuredtesting.T3test -->
