<?xml version="1.0" encoding="UTF-8"?>
<!-- Generated by org.testng.reporters.JUnitReportReporter -->
<testsuite hostname="dharani-pc" failures="0" tests="1" name="Restassuredtesting.Restassuredtesting.T5authbas" time="3.502" errors="0" timestamp="2021-03-19T15:45:14 IST" skipped="0">
  <testcase classname="Restassuredtesting.Restassuredtesting.T5authbas" name="auth" time="3.502"/>
  <system-out/>
</testsuite> <!-- Restassuredtesting.Restassuredtesting.T5authbas -->
