<?xml version="1.0" encoding="UTF-8"?>
<!-- Generated by org.testng.reporters.JUnitReportReporter -->
<testsuite hostname="dharani-pc" failures="0" tests="4" name="testcase.Getoneemployee" time="0.056" errors="0" timestamp="2021-03-23T13:31:39 IST" skipped="0">
  <testcase classname="testcase.Getoneemployee" name="bodyexist" time="0.027"/>
  <system-out/>
  <testcase classname="testcase.Getoneemployee" name="conttype" time="0.013"/>
  <system-out/>
  <testcase classname="testcase.Getoneemployee" name="restime" time="0.007"/>
  <system-out/>
  <testcase classname="testcase.Getoneemployee" name="statuscode" time="0.009"/>
  <system-out/>
</testsuite> <!-- testcase.Getoneemployee -->
