<?xml version="1.0" encoding="UTF-8"?>
<!-- Generated by org.testng.reporters.JUnitReportReporter -->
<testsuite hostname="dharani-pc" failures="0" tests="6" name="ddt.Datadriven" time="9.034" errors="0" timestamp="2021-03-19T17:17:41 IST" skipped="0">
  <testcase classname="ddt.Datadriven" name="reciver" time="1.216"/>
  <system-out/>
  <testcase classname="ddt.Datadriven" name="reciver" time="1.285"/>
  <system-out/>
  <testcase classname="ddt.Datadriven" name="reciver" time="1.237"/>
  <system-out/>
  <testcase classname="ddt.Datadriven" name="reciver" time="1.212"/>
  <system-out/>
  <testcase classname="ddt.Datadriven" name="reciver" time="4.074"/>
  <system-out/>
  <testcase classname="ddt.Datadriven" name="reciver" time="0.010"/>
  <system-out/>
</testsuite> <!-- ddt.Datadriven -->
