<?xml version="1.0" encoding="UTF-8"?>
<!-- Generated by org.testng.reporters.JUnitReportReporter -->
<testsuite hostname="dharani-pc" failures="0" tests="4" name="Restassuredtesting.Restassuredtesting.T1$AlertTests" time="15.778" errors="0" timestamp="2021-03-19T12:10:20 IST" skipped="0">
  <testcase classname="Restassuredtesting.Restassuredtesting.T1$AlertTests" name="alert3Test" time="4.219"/>
  <system-out/>
  <testcase classname="Restassuredtesting.Restassuredtesting.T1$AlertTests" name="alert1Test" time="2.125"/>
  <system-out/>
  <testcase classname="Restassuredtesting.Restassuredtesting.T1$AlertTests" name="alert2Test" time="5.281"/>
  <system-out/>
  <testcase classname="Restassuredtesting.Restassuredtesting.T1$AlertTests" name="alert4Test" time="4.153"/>
  <system-out/>
</testsuite> <!-- Restassuredtesting.Restassuredtesting.T1$AlertTests -->
