<?xml version="1.0" encoding="UTF-8"?>
<!-- Generated by org.testng.reporters.JUnitReportReporter -->
<testsuite hostname="dharani-pc" failures="0" tests="4" name="testcase.Getallemp" time="0.118" errors="0" timestamp="2021-03-23T13:31:39 IST" skipped="0">
  <testcase classname="testcase.Getallemp" name="restime" time="0.005"/>
  <system-out/>
  <testcase classname="testcase.Getallemp" name="bodyexist" time="0.106"/>
  <system-out/>
  <testcase classname="testcase.Getallemp" name="conttype" time="0.004"/>
  <system-out/>
  <testcase classname="testcase.Getallemp" name="statuscode" time="0.003"/>
  <system-out/>
</testsuite> <!-- testcase.Getallemp -->
