<?xml version="1.0" encoding="UTF-8"?>
<!-- Generated by org.testng.reporters.JUnitReportReporter -->
<testsuite hostname="dharani-pc" failures="0" tests="1" name="Restassuredtesting.Restassuredtesting.Demo1get" time="4.019" errors="0" timestamp="2021-03-19T14:22:06 IST" skipped="0">
  <testcase classname="Restassuredtesting.Restassuredtesting.Demo1get" name="getweather" time="4.019"/>
  <system-out/>
</testsuite> <!-- Restassuredtesting.Restassuredtesting.Demo1get -->
