<?xml version="1.0" encoding="UTF-8"?>
<!-- Generated by org.testng.reporters.JUnitReportReporter -->
<testsuite hostname="dharani-pc" failures="0" tests="4" name="testcase.newemp" time="0.021" errors="0" timestamp="2021-03-23T13:31:39 IST" skipped="0">
  <testcase classname="testcase.newemp" name="bodyexist" time="0.007"/>
  <system-out/>
  <testcase classname="testcase.newemp" name="restime" time="0.006"/>
  <system-out/>
  <testcase classname="testcase.newemp" name="conttype" time="0.004"/>
  <system-out/>
  <testcase classname="testcase.newemp" name="statuscode" time="0.004"/>
  <system-out/>
</testsuite> <!-- testcase.newemp -->
