<?xml version="1.0" encoding="UTF-8"?>
<!-- Generated by org.testng.reporters.JUnitReportReporter -->
<testsuite hostname="DKchamp" failures="0" tests="2" name="com.herokuapp.theinternet.NegetiveTests" time="28.424" errors="0" timestamp="26 Feb 2021 09:01:02 GMT" skipped="0">
  <testcase classname="com.herokuapp.theinternet.NegetiveTests" name="incorrectUsernameTest" time="12.140"/>
  <testcase classname="com.herokuapp.theinternet.NegetiveTests" name="incorrectUsernameTest" time="16.284"/>
</testsuite> <!-- com.herokuapp.theinternet.NegetiveTests -->
