<?xml version="1.0" encoding="UTF-8"?>
<!-- Generated by org.testng.reporters.JUnitReportReporter -->
<testsuite hostname="DKchamp" failures="0" tests="1" name="com.herokuapp.theinternet.DemoTests$roTests" time="15.795" errors="0" timestamp="22 Feb 2021 12:51:14 GMT" skipped="0">
  <testcase classname="com.herokuapp.theinternet.DemoTests$roTests" name="loginTest" time="15.795"/>
</testsuite> <!-- com.herokuapp.theinternet.DemoTests$roTests -->
