<?xml version="1.0" encoding="UTF-8"?>
<!-- Generated by org.testng.reporters.JUnitReportReporter -->
<testsuite hostname="DKchamp" failures="0" tests="1" name="com.herokuapp.theinternet.ElementnoTest" time="18.293" errors="0" timestamp="22 Feb 2021 11:43:42 GMT" skipped="0">
  <testcase classname="com.herokuapp.theinternet.ElementnoTest" name="elementvisTest" time="18.293"/>
</testsuite> <!-- com.herokuapp.theinternet.ElementnoTest -->
