<?xml version="1.0" encoding="UTF-8"?>
<!-- Generated by org.testng.reporters.JUnitReportReporter -->
<testsuite hostname="DKchamp" failures="0" tests="1" name="com.herokuapp.theinternet.RouterTests$roTests" time="13.164" errors="0" timestamp="22 Feb 2021 11:50:37 GMT" skipped="0">
  <testcase classname="com.herokuapp.theinternet.RouterTests$roTests" name="loginTest" time="13.164"/>
</testsuite> <!-- com.herokuapp.theinternet.RouterTests$roTests -->
